2024-12-19 18:11:32 INFO  com.example.demo.DemoApplication - Starting DemoApplication using Java 17.0.6 with PID 5500 (C:\Users\Domantas\Desktop\New folder (4)\staciakampiai\target\classes started by Domantas in C:\Users\Domantas\Desktop\New folder (4)\staciakampiai)
2024-12-19 18:11:32 INFO  com.example.demo.DemoApplication - No active profile set, falling back to 1 default profile: "default"
2024-12-19 18:11:37 INFO  c.e.d.U.Domain.Services.UserService - Created user with ID: 7ea7a1d0-b56d-43fb-a166-d273297086d7, Details: UserDTO(id=7ea7a1d0-b56d-43fb-a166-d273297086d7, fullName=John Doe, phoneNumber=+37061122334, emailAddress=example@example.com, businessId=null, role=BusinessOwner, username=Tomas)
2024-12-19 18:11:37 INFO  c.e.d.B.D.Services.BusinessService - Created Business: BusinessDTO(id=0c2520d6-445c-459a-bc95-8a80976bc795, name=First Business Inc., ownerId=7ea7a1d0-b56d-43fb-a166-d273297086d7, address=Address Avenue 123, phoneNumber=+37061122334, emailAddress=example@example.com)
2024-12-19 18:11:37 INFO  c.e.d.U.Domain.Services.UserService - Created user with ID: eb3b57f5-27d0-4d89-8ac6-ad062507f54d, Details: UserDTO(id=eb3b57f5-27d0-4d89-8ac6-ad062507f54d, fullName=Dzeimsas Bondas, phoneNumber=+37061122334, emailAddress=example@example.com, businessId=null, role=ITAdministrator, username=Lapas)
2024-12-19 18:11:37 INFO  c.e.d.U.Domain.Services.UserService - Created user with ID: 8b5876aa-de39-453d-b4eb-466b14e3ee80, Details: UserDTO(id=8b5876aa-de39-453d-b4eb-466b14e3ee80, fullName=Raganosis penkiolika, phoneNumber=+37061122334, emailAddress=example@example.com, businessId=0c2520d6-445c-459a-bc95-8a80976bc795, role=Employee, username=karatistas5000)
2024-12-19 18:11:38 INFO  c.e.d.U.Domain.Services.UserService - Created user with ID: 5d1155e4-9223-4659-ab54-027154f746f2, Details: UserDTO(id=5d1155e4-9223-4659-ab54-027154f746f2, fullName=Raganosis penkiolika, phoneNumber=+37061122334, emailAddress=example@example.com, businessId=null, role=Employee, username=naujas)
2024-12-19 18:11:38 INFO  c.e.d.B.D.Services.BusinessService - Created Business: BusinessDTO(id=31b9c272-286d-401c-8cdb-3d3baaf720d0, name=First Business Inc., ownerId=5d1155e4-9223-4659-ab54-027154f746f2, address=Address Avenue 123, phoneNumber=+37061122334, emailAddress=example@example.com)
2024-12-19 18:11:39 INFO  com.example.demo.DemoApplication - Started DemoApplication in 7.995 seconds (process running for 8.704)
2024-12-19 18:12:48 INFO  c.e.d.U.A.UserApplicationService - User [Tomas] successfully logged in.
2024-12-19 18:40:10 INFO  c.e.d.p.d.services.ProductService - Created product: ProductDTO(id=7b87c442-8fdd-498c-94e3-235258c4b27d, title=1, quantityInStock=2, price=com.example.demo.productComponent.api.dtos.ProductAndModifierHelperDTOs.MoneyDTO@d521d38, compatibleModifiers=null, businessId=0c2520d6-445c-459a-bc95-8a80976bc795)
2024-12-19 18:51:45 INFO  c.e.d.O.D.Services.OrderItemService - Returned saved order items: [OrderItem(id=bf7d1986-b098-4867-9266-7cf3a5f5ef60, orderId=ef36620e-0289-43ab-9f2a-28aff0a3a7fb, productID=7b87c442-8fdd-498c-94e3-235258c4b27d, title=1, quantity=2, unitPrice=3.00, currency=USD)]
2024-12-19 18:53:52 INFO  c.e.d.p.d.services.ProductService - Created product: ProductDTO(id=46da9314-fcb9-4688-b14d-3b9f4fa177d6, title=1, quantityInStock=2, price=com.example.demo.productComponent.api.dtos.ProductAndModifierHelperDTOs.MoneyDTO@728e5588, compatibleModifiers=null, businessId=0c2520d6-445c-459a-bc95-8a80976bc795)
2024-12-19 18:53:58 INFO  c.e.d.p.d.services.ProductService - Created product: ProductDTO(id=b0c0805c-ed48-47c7-aeb2-c7e12d4ac005, title=1, quantityInStock=2, price=com.example.demo.productComponent.api.dtos.ProductAndModifierHelperDTOs.MoneyDTO@79c39956, compatibleModifiers=null, businessId=0c2520d6-445c-459a-bc95-8a80976bc795)
2024-12-19 18:54:04 INFO  c.e.d.p.d.services.ProductService - Created product: ProductDTO(id=749e20ae-6a83-49e1-ad1a-0c9946d91a08, title=5, quantityInStock=4, price=com.example.demo.productComponent.api.dtos.ProductAndModifierHelperDTOs.MoneyDTO@6b1e203, compatibleModifiers=null, businessId=0c2520d6-445c-459a-bc95-8a80976bc795)
2024-12-19 18:54:43 INFO  c.e.d.O.D.Services.OrderItemService - Returned saved order items: [OrderItem(id=8e676e84-0c9c-4fd1-9fb9-2707461f739f, orderId=acb433c8-cb24-4f30-8e60-79f724800b9b, productID=46da9314-fcb9-4688-b14d-3b9f4fa177d6, title=1, quantity=2, unitPrice=3.00, currency=USD), OrderItem(id=d3dcc328-141f-43ae-8c3c-749180582b23, orderId=acb433c8-cb24-4f30-8e60-79f724800b9b, productID=b0c0805c-ed48-47c7-aeb2-c7e12d4ac005, title=1, quantity=2, unitPrice=5.00, currency=USD), OrderItem(id=0d48671f-b219-46c9-909a-38716b62625c, orderId=acb433c8-cb24-4f30-8e60-79f724800b9b, productID=749e20ae-6a83-49e1-ad1a-0c9946d91a08, title=5, quantity=4, unitPrice=6.00, currency=USD)]
2024-12-19 19:10:59 INFO  com.example.demo.DemoApplication - Starting DemoApplication using Java 17.0.6 with PID 5816 (C:\Users\Domantas\Desktop\Git\staciakampiai\target\classes started by Domantas in C:\Users\Domantas\Desktop\Git\staciakampiai)
2024-12-19 19:10:59 INFO  com.example.demo.DemoApplication - No active profile set, falling back to 1 default profile: "default"
2024-12-19 19:11:04 INFO  c.e.d.U.Domain.Services.UserService - Created user with ID: 3c6e4306-619d-49b3-9a91-a4e68720ac03, Details: UserDTO(id=3c6e4306-619d-49b3-9a91-a4e68720ac03, fullName=John Doe, phoneNumber=+37061122334, emailAddress=example@example.com, businessId=null, role=BusinessOwner, username=Tomas)
2024-12-19 19:11:04 INFO  c.e.d.B.D.Services.BusinessService - Created Business: BusinessDTO(id=c87c9996-4907-40a8-82bc-b6f8c01c96f7, name=First Business Inc., ownerId=3c6e4306-619d-49b3-9a91-a4e68720ac03, address=Address Avenue 123, phoneNumber=+37061122334, emailAddress=example@example.com)
2024-12-19 19:11:04 INFO  c.e.d.U.Domain.Services.UserService - Created user with ID: 5852291e-455b-4a4b-a479-a768059948e2, Details: UserDTO(id=5852291e-455b-4a4b-a479-a768059948e2, fullName=Dzeimsas Bondas, phoneNumber=+37061122334, emailAddress=example@example.com, businessId=null, role=ITAdministrator, username=Lapas)
2024-12-19 19:11:04 INFO  c.e.d.U.Domain.Services.UserService - Created user with ID: b7bf7e00-1c4a-4888-bfca-01914c4ebdd0, Details: UserDTO(id=b7bf7e00-1c4a-4888-bfca-01914c4ebdd0, fullName=Raganosis penkiolika, phoneNumber=+37061122334, emailAddress=example@example.com, businessId=c87c9996-4907-40a8-82bc-b6f8c01c96f7, role=Employee, username=karatistas5000)
2024-12-19 19:11:05 INFO  c.e.d.U.Domain.Services.UserService - Created user with ID: b189253c-d20d-4a1f-9b33-4c29e8ff11ad, Details: UserDTO(id=b189253c-d20d-4a1f-9b33-4c29e8ff11ad, fullName=Raganosis penkiolika, phoneNumber=+37061122334, emailAddress=example@example.com, businessId=null, role=Employee, username=naujas)
2024-12-19 19:11:05 INFO  c.e.d.B.D.Services.BusinessService - Created Business: BusinessDTO(id=404da41f-b514-4ab1-8fc7-e3146c7c9c73, name=First Business Inc., ownerId=b189253c-d20d-4a1f-9b33-4c29e8ff11ad, address=Address Avenue 123, phoneNumber=+37061122334, emailAddress=example@example.com)
2024-12-19 19:11:06 INFO  com.example.demo.DemoApplication - Started DemoApplication in 8.108 seconds (process running for 8.709)
2024-12-19 19:11:08 INFO  c.e.d.U.A.UserApplicationService - User [Tomas] successfully logged in.
2024-12-19 19:11:28 INFO  c.e.d.p.d.services.ProductService - Created product: ProductDTO(id=e8cca06f-c8b2-485c-96db-b2f6f9a3d2d9, title=Order1, quantityInStock=100000, price=com.example.demo.productComponent.api.dtos.ProductAndModifierHelperDTOs.MoneyDTO@1bd2d2fc, compatibleModifiers=null, businessId=c87c9996-4907-40a8-82bc-b6f8c01c96f7)
2024-12-19 19:11:52 INFO  c.e.d.O.D.Services.OrderItemService - Returned saved order items: [OrderItem(id=6d0f044d-f9e1-40f0-89a3-8c4de1d85651, orderId=56a631e2-ac8b-43b1-af20-7d12f7213fd1, productID=e8cca06f-c8b2-485c-96db-b2f6f9a3d2d9, title=Order1, quantity=100000, unitPrice=9.99, currency=USD)]
